<?xml version="1.0" encoding="UTF-8"?>
<testng-results ignored="0" total="1" passed="1" failed="0" skipped="0">
  <reporter-output>
  </reporter-output>
  <suite started-at="2025-10-19T21:24:47 EET" name="Default suite" finished-at="2025-10-19T21:25:06 EET" duration-ms="18626">
    <groups>
    </groups>
    <test started-at="2025-10-19T21:24:47 EET" name="Default test" finished-at="2025-10-19T21:25:06 EET" duration-ms="18626">
      <class name="Automation.MyTestCases">
        <test-method is-config="true" signature="MySetup()[pri:0, instance:Automation.MyTestCases@37efd131]" started-at="2025-10-19T21:24:47 EET" name="MySetup" finished-at="2025-10-19T21:24:51 EET" duration-ms="3581" status="PASS">
          <reporter-output>
          </reporter-output>
        </test-method> <!-- MySetup -->
        <test-method signature="SignUp()[pri:1, instance:Automation.MyTestCases@37efd131]" started-at="2025-10-19T21:24:51 EET" name="SignUp" finished-at="2025-10-19T21:25:06 EET" duration-ms="14842" status="PASS">
          <reporter-output>
          </reporter-output>
        </test-method> <!-- SignUp -->
        <test-method is-config="true" signature="AfterMyTest()[pri:0, instance:Automation.MyTestCases@37efd131]" started-at="2025-10-19T21:25:06 EET" name="AfterMyTest" finished-at="2025-10-19T21:25:06 EET" duration-ms="3" status="PASS">
          <reporter-output>
          </reporter-output>
        </test-method> <!-- AfterMyTest -->
      </class> <!-- Automation.MyTestCases -->
    </test> <!-- Default test -->
  </suite> <!-- Default suite -->
</testng-results>
